{"numFailedTestSuites":0,"numFailedTests":0,"numPassedTestSuites":3,"numPassedTests":14,"numPendingTestSuites":0,"numPendingTests":0,"numRuntimeErrorTestSuites":0,"numTodoTests":0,"numTotalTestSuites":3,"numTotalTests":14,"openHandles":[],"snapshot":{"added":0,"didUpdate":false,"failure":false,"filesAdded":0,"filesRemoved":0,"filesRemovedList":[],"filesUnmatched":0,"filesUpdated":0,"matched":0,"total":0,"unchecked":0,"uncheckedKeysByFile":[],"unmatched":0,"updated":0},"startTime":1784927876135,"success":true,"testResults":[{"assertionResults":[{"ancestorTitles":["HomeScreen"],"duration":1527,"failureDetails":[],"failureMessages":[],"fullName":"HomeScreen renders correctly","invocations":1,"location":null,"numPassingAsserts":8,"retryReasons":[],"status":"passed","title":"renders correctly"},{"ancestorTitles":["HomeScreen"],"duration":19,"failureDetails":[],"failureMessages":[],"fullName":"HomeScreen starts the wallet connection flow when connect wallet is pressed","invocations":1,"location":null,"numPassingAsserts":1,"retryReasons":[],"status":"passed","title":"starts the wallet connection flow when connect wallet is pressed"},{"ancestorTitles":["HomeScreen"],"duration":19,"failureDetails":[],"failureMessages":[],"fullName":"HomeScreen shows a reconnect action when the wallet session needs recovery","invocations":1,"location":null,"numPassingAsserts":1,"retryReasons":[],"status":"passed","title":"shows a reconnect action when the wallet session needs recovery"},{"ancestorTitles":["HomeScreen"],"duration":22,"failureDetails":[],"failureMessages":[],"fullName":"HomeScreen renders the connected public key when a wallet session exists","invocations":1,"location":null,"numPassingAsserts":2,"retryReasons":[],"status":"passed","title":"renders the connected public key when a wallet session exists"},{"ancestorTitles":["HomeScreen"],"duration":22,"failureDetails":[],"failureMessages":[],"fullName":"HomeScreen navigates to Health Screen when primary button is pressed","invocations":1,"location":null,"numPassingAsserts":1,"retryReasons":[],"status":"passed","title":"navigates to Health Screen when primary button is pressed"},{"ancestorTitles":["HomeScreen"],"duration":20,"failureDetails":[],"failureMessages":[],"fullName":"HomeScreen navigates to the aid details screen when that button is pressed","invocations":1,"location":null,"numPassingAsserts":1,"retryReasons":[],"status":"passed","title":"navigates to the aid details screen when that button is pressed"}],"endTime":1784927881236,"message":"","name":"C:\\Users\\USER\\Desktop\\coding-practice\\Soter\\app\\mobile\\src\\__tests__\\HomeScreen.test.tsx","startTime":1784927876421,"status":"passed","summary":""},{"assertionResults":[{"ancestorTitles":["walletConnect helpers"],"duration":2,"failureDetails":[],"failureMessages":[],"fullName":"walletConnect helpers extracts the Stellar public key from CAIP-10 accounts","invocations":1,"location":null,"numPassingAsserts":1,"retryReasons":[],"status":"passed","title":"extracts the Stellar public key from CAIP-10 accounts"},{"ancestorTitles":["walletConnect helpers"],"duration":3,"failureDetails":[],"failureMessages":[],"fullName":"walletConnect helpers returns unique chain ids from approved accounts","invocations":1,"location":null,"numPassingAsserts":1,"retryReasons":[],"status":"passed","title":"returns unique chain ids from approved accounts"},{"ancestorTitles":["walletConnect helpers"],"duration":4,"failureDetails":[],"failureMessages":[],"fullName":"walletConnect helpers builds a SEP-7 transaction request with a url callback","invocations":1,"location":null,"numPassingAsserts":5,"retryReasons":[],"status":"passed","title":"builds a SEP-7 transaction request with a url callback"},{"ancestorTitles":["walletConnect helpers"],"duration":1,"failureDetails":[],"failureMessages":[],"fullName":"walletConnect helpers accepts restored sessions that expose a valid Stellar account on Testnet","invocations":1,"location":null,"numPassingAsserts":2,"retryReasons":[],"status":"passed","title":"accepts restored sessions that expose a valid Stellar account on Testnet"},{"ancestorTitles":["walletConnect helpers"],"duration":4,"failureDetails":[],"failureMessages":[],"fullName":"walletConnect helpers rejects restored sessions that are missing account state or on the wrong network","invocations":1,"location":null,"numPassingAsserts":1,"retryReasons":[],"status":"passed","title":"rejects restored sessions that are missing account state or on the wrong network"}],"endTime":1784927882767,"message":"","name":"C:\\Users\\USER\\Desktop\\coding-practice\\Soter\\app\\mobile\\src\\__tests__\\walletConnect.test.ts","startTime":1784927881296,"status":"passed","summary":""},{"assertionResults":[{"ancestorTitles":["SettingsScreen"],"duration":227,"failureDetails":[],"failureMessages":[],"fullName":"SettingsScreen shows official faucet links on testnet","invocations":1,"location":null,"numPassingAsserts":3,"retryReasons":[],"status":"passed","title":"shows official faucet links on testnet"},{"ancestorTitles":["SettingsScreen"],"duration":16,"failureDetails":[],"failureMessages":[],"fullName":"SettingsScreen opens the Stellar Lab faucet","invocations":1,"location":null,"numPassingAsserts":1,"retryReasons":[],"status":"passed","title":"opens the Stellar Lab faucet"},{"ancestorTitles":["SettingsScreen"],"duration":10,"failureDetails":[],"failureMessages":[],"fullName":"SettingsScreen hides faucet links outside testnet","invocations":1,"location":null,"numPassingAsserts":2,"retryReasons":[],"status":"passed","title":"hides faucet links outside testnet"}],"endTime":1784927883423,"message":"","name":"C:\\Users\\USER\\Desktop\\coding-practice\\Soter\\app\\mobile\\src\\__tests__\\SettingsScreen.test.tsx","startTime":1784927882870,"status":"passed","summary":""}],"wasInterrupted":false}
